<?xml version="1.0" encoding="UTF-8"?>
<testng-results ignored="0" total="1" passed="1" failed="0" skipped="0">
  <reporter-output>
  </reporter-output>
  <suite started-at="2023-11-03T10:52:34 IST" name="Default suite" finished-at="2023-11-03T10:52:55 IST" duration-ms="21296">
    <groups>
    </groups>
    <test started-at="2023-11-03T10:52:34 IST" name="Default test" finished-at="2023-11-03T10:52:55 IST" duration-ms="21296">
      <class name="mavenpkg.Saucedemotest">
        <test-method is-config="true" signature="setUp()[pri:0, instance:mavenpkg.Saucedemotest@1ed4ae0f]" started-at="2023-11-03T10:52:34 IST" name="setUp" finished-at="2023-11-03T10:52:40 IST" duration-ms="6228" status="PASS">
          <reporter-output>
          </reporter-output>
        </test-method> <!-- setUp -->
        <test-method signature="test()[pri:0, instance:mavenpkg.Saucedemotest@1ed4ae0f]" started-at="2023-11-03T10:52:40 IST" name="test" finished-at="2023-11-03T10:52:55 IST" duration-ms="15003" status="PASS">
          <reporter-output>
          </reporter-output>
        </test-method> <!-- test -->
      </class> <!-- mavenpkg.Saucedemotest -->
    </test> <!-- Default test -->
  </suite> <!-- Default suite -->
</testng-results>
